This is pdfTeX, Version 3.141592653-2.6-1.40.25 (TeX Live 2023) (preloaded format=pdflatex 2023.12.11)  26 JUL 2024 13:48
entering extended mode
 restricted \write18 enabled.
 %&-line parsing enabled.
**firstpage.tex
(./firstpage.tex
LaTeX2e <2023-11-01>
L3 programming layer <2023-12-08>

! LaTeX Error: Environment textblock undefined.

See the LaTeX manual or LaTeX Companion for explanation.
Type  H <return>  for immediate help.
 ...                                              
                                                  
l.124 \begin{textblock}
                       {1}(-0.4,0)
Your command was ignored.
Type  I <command> <return>  to replace it with another command,
or  <return>  to continue without it.


! LaTeX Error: Missing \begin{document}.

See the LaTeX manual or LaTeX Companion for explanation.
Type  H <return>  for immediate help.
 ...                                              
                                                  
l.124 \begin{textblock}{1
                         }(-0.4,0)
You're in trouble here.  Try typing  <return>  to proceed.
If that doesn't work, type  X <return>  to quit.

Missing character: There is no 1 in font nullfont!
Missing character: There is no ( in font nullfont!
Missing character: There is no - in font nullfont!
Missing character: There is no 0 in font nullfont!
Missing character: There is no . in font nullfont!
Missing character: There is no 4 in font nullfont!
Missing character: There is no , in font nullfont!
Missing character: There is no 0 in font nullfont!
Missing character: There is no ) in font nullfont!
! Undefined control sequence.
l.125 	\textblockcolour
                       {bordeau}
The control sequence at the end of the top line
of your error message was never \def'ed. If you have
misspelled it (e.g., `\hobx'), type `I' and the correct
spelling (e.g., `I\hbox'). Otherwise just continue,
and I'll forget about whatever was undefined.

Missing character: There is no b in font nullfont!
Missing character: There is no o in font nullfont!
Missing character: There is no r in font nullfont!
Missing character: There is no d in font nullfont!
Missing character: There is no e in font nullfont!
Missing character: There is no a in font nullfont!
Missing character: There is no u in font nullfont!
! Undefined control sequence.
l.126 	\includegraphics
                        [scale=1]{media/bande2}
The control sequence at the end of the top line
of your error message was never \def'ed. If you have
misspelled it (e.g., `\hobx'), type `I' and the correct
spelling (e.g., `I\hbox'). Otherwise just continue,
and I'll forget about whatever was undefined.

Missing character: There is no [ in font nullfont!
Missing character: There is no s in font nullfont!
Missing character: There is no c in font nullfont!
Missing character: There is no a in font nullfont!
Missing character: There is no l in font nullfont!
Missing character: There is no e in font nullfont!
Missing character: There is no = in font nullfont!
Missing character: There is no 1 in font nullfont!
Missing character: There is no ] in font nullfont!
Missing character: There is no m in font nullfont!
Missing character: There is no e in font nullfont!
Missing character: There is no d in font nullfont!
Missing character: There is no i in font nullfont!
Missing character: There is no a in font nullfont!
Missing character: There is no / in font nullfont!
Missing character: There is no b in font nullfont!
Missing character: There is no a in font nullfont!
Missing character: There is no n in font nullfont!
Missing character: There is no d in font nullfont!
Missing character: There is no e in font nullfont!
Missing character: There is no 2 in font nullfont!

! LaTeX Error: \begin{document} ended by \end{textblock}.

See the LaTeX manual or LaTeX Companion for explanation.
Type  H <return>  for immediate help.
 ...                                              
                                                  
l.128 \end{textblock}
                     
Your command was ignored.
Type  I <command> <return>  to replace it with another command,
or  <return>  to continue without it.


Overfull \hbox (20.0pt too wide) in paragraph at lines 124--129
[]
 []


! LaTeX Error: Environment textblock undefined.

See the LaTeX manual or LaTeX Companion for explanation.
Type  H <return>  for immediate help.
 ...                                              
                                                  
l.134 \begin{textblock}
                       {1}(1.8,12)
Your command was ignored.
Type  I <command> <return>  to replace it with another command,
or  <return>  to continue without it.


! LaTeX Error: Missing \begin{document}.

See the LaTeX manual or LaTeX Companion for explanation.
Type  H <return>  for immediate help.
 ...                                              
                                                  
l.134 \begin{textblock}{1
                         }(1.8,12)
You're in trouble here.  Try typing  <return>  to proceed.
If that doesn't work, type  X <return>  to quit.

Missing character: There is no 1 in font nullfont!
Missing character: There is no ( in font nullfont!
Missing character: There is no 1 in font nullfont!
Missing character: There is no . in font nullfont!
Missing character: There is no 8 in font nullfont!
Missing character: There is no , in font nullfont!
Missing character: There is no 1 in font nullfont!
Missing character: There is no 2 in font nullfont!
Missing character: There is no ) in font nullfont!
! Undefined control sequence.
l.135 	\Large
             {\rotatebox{90}{\color{white}{NNT : \NNT}}}
The control sequence at the end of the top line
of your error message was never \def'ed. If you have
misspelled it (e.g., `\hobx'), type `I' and the correct
spelling (e.g., `I\hbox'). Otherwise just continue,
and I'll forget about whatever was undefined.

! Undefined control sequence.
l.135 	\Large{\rotatebox
                        {90}{\color{white}{NNT : \NNT}}}
The control sequence at the end of the top line
of your error message was never \def'ed. If you have
misspelled it (e.g., `\hobx'), type `I' and the correct
spelling (e.g., `I\hbox'). Otherwise just continue,
and I'll forget about whatever was undefined.

Missing character: There is no 9 in font nullfont!
Missing character: There is no 0 in font nullfont!
! Undefined control sequence.
l.135 	\Large{\rotatebox{90}{\color
                                   {white}{NNT : \NNT}}}
The control sequence at the end of the top line
of your error message was never \def'ed. If you have
misspelled it (e.g., `\hobx'), type `I' and the correct
spelling (e.g., `I\hbox'). Otherwise just continue,
and I'll forget about whatever was undefined.

Missing character: There is no w in font nullfont!
Missing character: There is no h in font nullfont!
Missing character: There is no i in font nullfont!
Missing character: There is no t in font nullfont!
Missing character: There is no e in font nullfont!
Missing character: There is no N in font nullfont!
Missing character: There is no N in font nullfont!
Missing character: There is no T in font nullfont!
Missing character: There is no : in font nullfont!
Missing character: There is no X in font nullfont!
Missing character: There is no X in font nullfont!
Missing character: There is no X in font nullfont!
Missing character: There is no X in font nullfont!
Missing character: There is no X in font nullfont!
Missing character: There is no X in font nullfont!
Missing character: There is no X in font nullfont!
Missing character: There is no X in font nullfont!
Missing character: There is no X in font nullfont!
Missing character: There is no X in font nullfont!
Missing character: There is no X in font nullfont!
Missing character: There is no X in font nullfont!

! LaTeX Error: \begin{document} ended by \end{textblock}.

See the LaTeX manual or LaTeX Companion for explanation.
Type  H <return>  for immediate help.
 ...                                              
                                                  
l.136 \end{textblock}
                     
Your command was ignored.
Type  I <command> <return>  to replace it with another command,
or  <return>  to continue without it.


Overfull \hbox (20.0pt too wide) in paragraph at lines 134--137
[]
 []


! LaTeX Error: Environment singlespace undefined.

See the LaTeX manual or LaTeX Companion for explanation.
Type  H <return>  for immediate help.
 ...                                              
                                                  
l.150 \begin{singlespace}
                         
Your command was ignored.
Type  I <command> <return>  to replace it with another command,
or  <return>  to continue without it.


! LaTeX Error: Environment textblock undefined.

See the LaTeX manual or LaTeX Companion for explanation.
Type  H <return>  for immediate help.
 ...                                              
                                                  
l.151 \begin{textblock}
                       {12}(3.7,2)
Your command was ignored.
Type  I <command> <return>  to replace it with another command,
or  <return>  to continue without it.


! LaTeX Error: Missing \begin{document}.

See the LaTeX manual or LaTeX Companion for explanation.
Type  H <return>  for immediate help.
 ...                                              
                                                  
l.151 \begin{textblock}{1
                         2}(3.7,2)
You're in trouble here.  Try typing  <return>  to proceed.
If that doesn't work, type  X <return>  to quit.

Missing character: There is no 1 in font nullfont!
Missing character: There is no 2 in font nullfont!
Missing character: There is no ( in font nullfont!
Missing character: There is no 3 in font nullfont!
Missing character: There is no . in font nullfont!
Missing character: There is no 7 in font nullfont!
Missing character: There is no , in font nullfont!
Missing character: There is no 2 in font nullfont!
Missing character: There is no ) in font nullfont!
! Undefined control sequence.
l.152 	\textblockcolour
                       {white}
The control sequence at the end of the top line
of your error message was never \def'ed. If you have
misspelled it (e.g., `\hobx'), type `I' and the correct
spelling (e.g., `I\hbox'). Otherwise just continue,
and I'll forget about whatever was undefined.

Missing character: There is no w in font nullfont!
Missing character: There is no h in font nullfont!
Missing character: There is no i in font nullfont!
Missing character: There is no t in font nullfont!
Missing character: There is no e in font nullfont!

Overfull \hbox (20.0pt too wide) in paragraph at lines 151--153
[]
 []

! Undefined control sequence.
l.154 	\color
             {Prune}
The control sequence at the end of the top line
of your error message was never \def'ed. If you have
misspelled it (e.g., `\hobx'), type `I' and the correct
spelling (e.g., `I\hbox'). Otherwise just continue,
and I'll forget about whatever was undefined.


! LaTeX Error: Missing \begin{document}.

See the LaTeX manual or LaTeX Companion for explanation.
Type  H <return>  for immediate help.
 ...                                              
                                                  
l.154 	\color{P
               rune}
You're in trouble here.  Try typing  <return>  to proceed.
If that doesn't work, type  X <return>  to quit.

Missing character: There is no P in font nullfont!
Missing character: There is no r in font nullfont!
Missing character: There is no u in font nullfont!
Missing character: There is no n in font nullfont!
Missing character: There is no e in font nullfont!

Overfull \hbox (20.0pt too wide) in paragraph at lines 154--155
[] 
 []

! Undefined control sequence.
l.156         \color
                    {Prune}
The control sequence at the end of the top line
of your error message was never \def'ed. If you have
misspelled it (e.g., `\hobx'), type `I' and the correct
spelling (e.g., `I\hbox'). Otherwise just continue,
and I'll forget about whatever was undefined.

Missing character: There is no P in font nullfont!
Missing character: There is no r in font nullfont!
Missing character: There is no u in font nullfont!
Missing character: There is no n in font nullfont!
Missing character: There is no e in font nullfont!

LaTeX Font Warning: Font shape `OT1/cmss/m/n' in size <22> not available
(Font)              size <20.74> substituted on input line 157.

! Undefined control sequence.
l.158 		\Huge
             {\PhDTitle} \bigskip \\%% Titre de la thèse
The control sequence at the end of the top line
of your error message was never \def'ed. If you have
misspelled it (e.g., `\hobx'), type `I' and the correct
spelling (e.g., `I\hbox'). Otherwise just continue,
and I'll forget about whatever was undefined.

! Undefined control sequence.
l.158 		\Huge{\PhDTitle
                       } \bigskip \\%% Titre de la thèse
The control sequence at the end of the top line
of your error message was never \def'ed. If you have
misspelled it (e.g., `\hobx'), type `I' and the correct
spelling (e.g., `I\hbox'). Otherwise just continue,
and I'll forget about whatever was undefined.


! LaTeX Error: The font size command \normalsize is not defined:
               there is probably something wrong with the class file.

See the LaTeX manual or LaTeX Companion for explanation.
Type  H <return>  for immediate help.
 ...                                              
                                                  
l.159 		\normalsize
                   
Your command was ignored.
Type  I <command> <return>  to replace it with another command,
or  <return>  to continue without it.

! Undefined control sequence.
l.160 		\color
              {black}
The control sequence at the end of the top line
of your error message was never \def'ed. If you have
misspelled it (e.g., `\hobx'), type `I' and the correct
spelling (e.g., `I\hbox'). Otherwise just continue,
and I'll forget about whatever was undefined.

! Undefined control sequence.
l.161 		\Large
              {\textit{\PhDTitleTrad} } \bigskip %% Titre de la thèse traduit
The control sequence at the end of the top line
of your error message was never \def'ed. If you have
misspelled it (e.g., `\hobx'), type `I' and the correct
spelling (e.g., `I\hbox'). Otherwise just continue,
and I'll forget about whatever was undefined.

LaTeX Font Info:    Font shape `OT1/cmss/m/it' in size <22> not available
(Font)              Font shape `OT1/cmss/m/sl' tried instead on input line 161.


LaTeX Font Warning: Font shape `OT1/cmss/m/sl' in size <22> not available
(Font)              size <20.74> substituted on input line 161.

! Undefined control sequence.
<recently read> \PhDTitleTrad 
                              
l.161 		\Large{\textit{\PhDTitleTrad}
                                      } \bigskip %% Titre de la thèse traduit
The control sequence at the end of the top line
of your error message was never \def'ed. If you have
misspelled it (e.g., `\hobx'), type `I' and the correct
spelling (e.g., `I\hbox'). Otherwise just continue,
and I'll forget about whatever was undefined.


Overfull \hbox (42.16615pt too wide) in paragraph at lines 160--162
 []\OT1/cmss/m/n/20.74 black
 []

! Undefined control sequence.
l.164 		\color
              {black} %% Couleur noire du reste du texte
The control sequence at the end of the top line
of your error message was never \def'ed. If you have
misspelled it (e.g., `\hobx'), type `I' and the correct
spelling (e.g., `I\hbox'). Otherwise just continue,
and I'll forget about whatever was undefined.


Overfull \hbox (42.16615pt too wide) in paragraph at lines 164--165
 []\OT1/cmss/m/n/20.74 black
 []

LaTeX Font Info:    Trying to load font information for OT1+fvs on input line 1
66.
LaTeX Font Info:    No file OT1fvs.fd. on input line 166.

LaTeX Font Warning: Font shape `OT1/fvs/m/n' undefined
(Font)              using `OT1/cmr/m/n' instead on input line 166.


! LaTeX Error: The font size command \normalsize is not defined:
               there is probably something wrong with the class file.

See the LaTeX manual or LaTeX Companion for explanation.
Type  H <return>  for immediate help.
 ...                                              
                                                  
l.167 		\normalsize
                    \textbf{Thèse de doctorat de l'Université Paris-Saclay...

Your command was ignored.
Type  I <command> <return>  to replace it with another command,
or  <return>  to continue without it.


LaTeX Font Warning: Font shape `OT1/fvs/b/n' undefined
(Font)              using `OT1/fvs/m/n' instead on input line 167.


Overfull \hbox (21.76976pt too wide) in paragraph at lines 167--167
 []\OT1/fvs/m/n/8 Th^^Rese
 []


Overfull \hbox (8.50012pt too wide) in paragraph at lines 167--167
 \OT1/fvs/m/n/8 de
 []


Overfull \hbox (15.81967pt too wide) in paragraph at lines 167--167
 \OT1/fvs/m/n/8 doc-
 []


Overfull \hbox (18.42387pt too wide) in paragraph at lines 167--167
 \OT1/fvs/m/n/8 torat
 []


Overfull \hbox (8.50012pt too wide) in paragraph at lines 167--167
 \OT1/fvs/m/n/8 de
 []


Overfull \hbox (42.31033pt too wide) in paragraph at lines 167--167
 \OT1/fvs/m/n/8 l'Universit^^Se
 []


Overfull \hbox (21.65448pt too wide) in paragraph at lines 167--167
 \OT1/fvs/m/n/8 Paris-
 []


Overfull \hbox (23.7295pt too wide) in paragraph at lines 167--167
 \OT1/fvs/m/n/8 Saclay
 []

! Undefined control sequence.
l.170 		\small
              {École doctorale n$^{\circ}$\ecodocnum ~\ecodoctitle ~(\ecodo...
The control sequence at the end of the top line
of your error message was never \def'ed. If you have
misspelled it (e.g., `\hobx'), type `I' and the correct
spelling (e.g., `I\hbox'). Otherwise just continue,
and I'll forget about whatever was undefined.

LaTeX Font Info:    External font `cmex10' loaded for size
(Font)              <8> on input line 170.
LaTeX Font Info:    External font `cmex10' loaded for size
(Font)              <6> on input line 170.
LaTeX Font Info:    External font `cmex10' loaded for size
(Font)              <5> on input line 170.

Overfull \hbox (19.94751pt too wide) in paragraph at lines 170--170
 [][]\OT1/fvs/m/n/8 Ecole
 []


Overfull \hbox (15.81967pt too wide) in paragraph at lines 170--170
 \OT1/fvs/m/n/8 doc-
 []


Overfull \hbox (13.70158pt too wide) in paragraph at lines 170--170
 \OT1/fvs/m/n/8 tor-
 []


Overfull \hbox (10.38904pt too wide) in paragraph at lines 170--170
 \OT1/fvs/m/n/8 ale
 []


Overfull \hbox (42.81859pt too wide) in paragraph at lines 170--170
 \OT1/fvs/m/n/8 n$[]$512 Agri-
 []


Overfull \hbox (13.69464pt too wide) in paragraph at lines 170--170
 \OT1/fvs/m/n/8 cul-
 []


Overfull \hbox (17.47942pt too wide) in paragraph at lines 170--170
 \OT1/fvs/m/n/8 ture,
 []


Overfull \hbox (11.56128pt too wide) in paragraph at lines 170--170
 \OT1/fvs/m/n/8 Al-
 []


Overfull \hbox (5.19452pt too wide) in paragraph at lines 170--170
 \OT1/fvs/m/n/8 i-
 []


Overfull \hbox (18.41693pt too wide) in paragraph at lines 170--170
 \OT1/fvs/m/n/8 men-
 []


Overfull \hbox (10.38904pt too wide) in paragraph at lines 170--170
 \OT1/fvs/m/n/8 ta-
 []


Overfull \hbox (17.00024pt too wide) in paragraph at lines 170--170
 \OT1/fvs/m/n/8 tion,
 []


Overfull \hbox (11.21127pt too wide) in paragraph at lines 170--170
 \OT1/fvs/m/n/8 Bi-
 []


Overfull \hbox (13.69464pt too wide) in paragraph at lines 170--170
 \OT1/fvs/m/n/8 olo-
 []


Overfull \hbox (12.75018pt too wide) in paragraph at lines 170--170
 \OT1/fvs/m/n/8 gie,
 []


Overfull \hbox (13.3363pt too wide) in paragraph at lines 170--170
 \OT1/fvs/m/n/8 En-
 []


Overfull \hbox (9.6807pt too wide) in paragraph at lines 170--170
 \OT1/fvs/m/n/8 vi-
 []


Overfull \hbox (15.11827pt too wide) in paragraph at lines 170--170
 \OT1/fvs/m/n/8 ron-
 []


Overfull \hbox (27.15317pt too wide) in paragraph at lines 170--170
 \OT1/fvs/m/n/8 nement
 []


Overfull \hbox (7.08344pt too wide) in paragraph at lines 170--170
 \OT1/fvs/m/n/8 et
 []


Overfull \hbox (54.98969pt too wide) in paragraph at lines 170--170
 \OT1/fvs/m/n/8 Sant^^Se (ABIES)
 []

! Undefined control sequence.
<recently read> \small 
                       
l.171 		\small
              {Spécialité de doctorat: \PhDspeciality} \bigskip \\%% Spéc...
The control sequence at the end of the top line
of your error message was never \def'ed. If you have
misspelled it (e.g., `\hobx'), type `I' and the correct
spelling (e.g., `I\hbox'). Otherwise just continue,
and I'll forget about whatever was undefined.


Overfull \hbox (35.41718pt too wide) in paragraph at lines 171--171
 []\OT1/fvs/m/n/8 Sp^^Secialit^^Se
 []


Overfull \hbox (8.50012pt too wide) in paragraph at lines 171--171
 \OT1/fvs/m/n/8 de
 []


Overfull \hbox (15.81967pt too wide) in paragraph at lines 171--171
 \OT1/fvs/m/n/8 doc-
 []


Overfull \hbox (20.78502pt too wide) in paragraph at lines 171--171
 \OT1/fvs/m/n/8 torat:
 []


Overfull \hbox (13.69464pt too wide) in paragraph at lines 171--171
 \OT1/fvs/m/n/8 Sci-
 []


Overfull \hbox (19.40862pt too wide) in paragraph at lines 171--171
 \OT1/fvs/m/n/8 ences
 []


Overfull \hbox (48.56459pt too wide) in paragraph at lines 171--171
 \OT1/fvs/m/n/8 Economiques
 []

! Undefined control sequence.
<recently read> \small 
                       
l.172 		\small
              {Graduate school: \GradSchool} \bigskip \\
The control sequence at the end of the top line
of your error message was never \def'ed. If you have
misspelled it (e.g., `\hobx'), type `I' and the correct
spelling (e.g., `I\hbox'). Otherwise just continue,
and I'll forget about whatever was undefined.


Overfull \hbox (35.00883pt too wide) in paragraph at lines 172--172
 []\OT1/fvs/m/n/8 Graduate
 []


Overfull \hbox (25.07536pt too wide) in paragraph at lines 172--172
 \OT1/fvs/m/n/8 school:
 []


Overfull \hbox (15.46133pt too wide) in paragraph at lines 172--172
 \OT1/fvs/m/n/8 Bio-
 []


Overfull \hbox (24.13785pt too wide) in paragraph at lines 172--172
 \OT1/fvs/m/n/8 sphera
 []

! Undefined control sequence.
l.175 		\footnotesize
                      Thèse préparée à l'\PhDworkingplace, sous la direc...
The control sequence at the end of the top line
of your error message was never \def'ed. If you have
misspelled it (e.g., `\hobx'), type `I' and the correct
spelling (e.g., `I\hbox'). Otherwise just continue,
and I'll forget about whatever was undefined.


Overfull \hbox (21.76976pt too wide) in paragraph at lines 175--175
 []\OT1/fvs/m/n/8 Th^^Rese
 []


Overfull \hbox (31.65323pt too wide) in paragraph at lines 175--175
 \OT1/fvs/m/n/8 pr^^Separ^^See
 []


Overfull \hbox (4.25006pt too wide) in paragraph at lines 175--175
 \OT1/fvs/m/n/8 ^^Ra
 []


Overfull \hbox (61.55644pt too wide) in paragraph at lines 175--175
 \OT1/fvs/m/n/8 l'AgroParisTech,
 []


Overfull \hbox (15.67801pt too wide) in paragraph at lines 175--175
 \OT1/fvs/m/n/8 sous
 []


Overfull \hbox (6.6112pt too wide) in paragraph at lines 175--175
 \OT1/fvs/m/n/8 la
 []


Overfull \hbox (9.91681pt too wide) in paragraph at lines 175--175
 \OT1/fvs/m/n/8 di-
 []


Overfull \hbox (13.70158pt too wide) in paragraph at lines 175--175
 \OT1/fvs/m/n/8 rec-
 []


Overfull \hbox (14.6391pt too wide) in paragraph at lines 175--175
 \OT1/fvs/m/n/8 tion
 []


Overfull \hbox (8.50012pt too wide) in paragraph at lines 175--175
 \OT1/fvs/m/n/8 de
 []


Overfull \hbox (17.11414pt too wide) in paragraph at lines 175--175
 \OT1/fvs/m/n/8 Lau-
 []


Overfull \hbox (8.50706pt too wide) in paragraph at lines 175--175
 \OT1/fvs/m/n/8 ri-
 []


Overfull \hbox (12.75018pt too wide) in paragraph at lines 175--175
 \OT1/fvs/m/n/8 ane
 []


Overfull \hbox (34.68384pt too wide) in paragraph at lines 175--175
 \OT1/fvs/m/n/8 MOUYS-
 []


Overfull \hbox (53.95401pt too wide) in paragraph at lines 175--175
 \OT1/fvs/m/n/8 SET  (Charg^^See
 []


Overfull \hbox (8.50012pt too wide) in paragraph at lines 175--175
 \OT1/fvs/m/n/8 de
 []


Overfull \hbox (37.42693pt too wide) in paragraph at lines 175--175
 \OT1/fvs/m/n/8 Recherche
 []


Overfull \hbox (23.4809pt too wide) in paragraph at lines 175--175
 \OT1/fvs/m/n/8 CNRS
 []


Overfull \hbox (40.00058pt too wide) in paragraph at lines 175--175
 \OT1/fvs/m/n/8 (CIRED)),
 []


Overfull \hbox (6.13898pt too wide) in paragraph at lines 175--175
 \OT1/fvs/m/n/8 le
 []


Overfull \hbox (10.86127pt too wide) in paragraph at lines 175--175
 \OT1/fvs/m/n/8 co-
 []


Overfull \hbox (46.99373pt too wide) in paragraph at lines 175--175
 \OT1/fvs/m/n/8 encadrement
 []


Overfull \hbox (8.50012pt too wide) in paragraph at lines 175--175
 \OT1/fvs/m/n/8 de
 []


Overfull \hbox (30.27682pt too wide) in paragraph at lines 175--175
 \OT1/fvs/m/n/8 Christo-
 []


Overfull \hbox (16.53496pt too wide) in paragraph at lines 175--175
 \OT1/fvs/m/n/8 pher
 []


Overfull \hbox (69.87924pt too wide) in paragraph at lines 175--175
 \OT1/fvs/m/n/8 COSTELLO  (Pro-
 []


Overfull \hbox (12.5613pt too wide) in paragraph at lines 175--175
 \OT1/fvs/m/n/8 fes-
 []


Overfull \hbox (10.91544pt too wide) in paragraph at lines 175--175
 \OT1/fvs/m/n/8 sor
 []


Overfull \hbox (6.84732pt too wide) in paragraph at lines 175--175
 \OT1/fvs/m/n/8 of
 []


Overfull \hbox (12.86407pt too wide) in paragraph at lines 175--175
 \OT1/fvs/m/n/8 Re-
 []


Overfull \hbox (23.19339pt too wide) in paragraph at lines 175--175
 \OT1/fvs/m/n/8 source
 []


Overfull \hbox (16.6419pt too wide) in paragraph at lines 175--175
 \OT1/fvs/m/n/8 Eco-
 []


Overfull \hbox (27.90874pt too wide) in paragraph at lines 175--175
 \OT1/fvs/m/n/8 nomics,
 []


Overfull \hbox (16.28357pt too wide) in paragraph at lines 175--175
 \OT1/fvs/m/n/8 Uni-
 []


Overfull \hbox (14.17381pt too wide) in paragraph at lines 175--175
 \OT1/fvs/m/n/8 ver-
 []


Overfull \hbox (13.26964pt too wide) in paragraph at lines 175--175
 \OT1/fvs/m/n/8 sity
 []


Overfull \hbox (6.84732pt too wide) in paragraph at lines 175--175
 \OT1/fvs/m/n/8 of
 []


Overfull \hbox (15.58356pt too wide) in paragraph at lines 175--175
 \OT1/fvs/m/n/8 Cal-
 []


Overfull \hbox (5.19452pt too wide) in paragraph at lines 175--175
 \OT1/fvs/m/n/8 i-
 []


Overfull \hbox (12.99324pt too wide) in paragraph at lines 175--175
 \OT1/fvs/m/n/8 for-
 []


Overfull \hbox (13.69464pt too wide) in paragraph at lines 175--175
 \OT1/fvs/m/n/8 nia,
 []


Overfull \hbox (21.01419pt too wide) in paragraph at lines 175--175
 \OT1/fvs/m/n/8 Santa
 []


Overfull \hbox (16.41273pt too wide) in paragraph at lines 175--175
 \OT1/fvs/m/n/8 Bar-
 []


Overfull \hbox (16.53496pt too wide) in paragraph at lines 175--175
 \OT1/fvs/m/n/8 bara
 []


Overfull \hbox (17.00024pt too wide) in paragraph at lines 175--175
 \OT1/fvs/m/n/8 (em-
 []


Overfull \hbox (23.25311pt too wide) in paragraph at lines 175--175
 \OT1/fvs/m/n/8 Lab)),
 []


Overfull \hbox (6.6112pt too wide) in paragraph at lines 175--175
 \OT1/fvs/m/n/8 ()
 []


Overfull \hbox (7.08344pt too wide) in paragraph at lines 175--175
 \OT1/fvs/m/n/8 et
 []


Overfull \hbox (3.3056pt too wide) in paragraph at lines 175--175
 \OT1/fvs/m/n/8 (
 []


Overfull \hbox (5.66675pt too wide) in paragraph at lines 175--175
 \OT1/fvs/m/n/8 ).
 []


! LaTeX Error: The font size command \normalsize is not defined:
               there is probably something wrong with the class file.

See the LaTeX manual or LaTeX Companion for explanation.
Type  H <return>  for immediate help.
 ...                                              
                                                  
l.175 ...dressG) et \jurynameH ~ (\juryadressH).\\
                                                  
Your command was ignored.
Type  I <command> <return>  to replace it with another command,
or  <return>  to continue without it.

[1
! Undefined control sequence.
<write> \newlabel{form_first}{{}{\thepage 
                                          }{}{}{}}
l.175 ...dressG) et \jurynameH ~ (\juryadressH).\\
                                                  
The control sequence at the end of the top line
of your error message was never \def'ed. If you have
misspelled it (e.g., `\hobx'), type `I' and the correct
spelling (e.g., `I\hbox'). Otherwise just continue,
and I'll forget about whatever was undefined.

\newlabel{form_first}{{}{}{}{}{}}
! Undefined control sequence.
<write> \newlabel{layout_first}{{}{\thepage 
                                            }{}{}{}}
l.175 ...dressG) et \jurynameH ~ (\juryadressH).\\
                                                  
The control sequence at the end of the top line
of your error message was never \def'ed. If you have
misspelled it (e.g., `\hobx'), type `I' and the correct
spelling (e.g., `I\hbox'). Otherwise just continue,
and I'll forget about whatever was undefined.

\newlabel{layout_first}{{}{}{}{}{}}
{c:/texlive/2023/texmf-var/fonts/map/pdftex/updmap/pdftex.map}]
Overfull \hbox (21.76976pt too wide) in paragraph at lines 177--178
 []\OT1/fvs/b/n/8 Th^^Rese
 []


Overfull \hbox (34.29077pt too wide) in paragraph at lines 177--178
 \OT1/fvs/b/n/8 pr^^Sesent^^See
 []


Overfull \hbox (7.08344pt too wide) in paragraph at lines 177--178
 \OT1/fvs/b/n/8 et
 []


Overfull \hbox (32.39491pt too wide) in paragraph at lines 177--178
 \OT1/fvs/b/n/8 soutenue
 []


Overfull \hbox (4.25006pt too wide) in paragraph at lines 177--178
 \OT1/fvs/b/n/8 ^^Ra
 []


Overfull \hbox (13.4502pt too wide) in paragraph at lines 177--178
 \OT1/fvs/b/n/8 No-
 []


Overfull \hbox (15.81967pt too wide) in paragraph at lines 177--178
 \OT1/fvs/b/n/8 gent
 []


Overfull \hbox (11.38766pt too wide) in paragraph at lines 177--178
 \OT1/fvs/b/n/8 sur
 []


Overfull \hbox (26.20732pt too wide) in paragraph at lines 177--178
 \OT1/fvs/b/n/8 Marne,
 []


Overfull \hbox (6.13898pt too wide) in paragraph at lines 177--178
 \OT1/fvs/b/n/8 le
 []


Overfull \hbox (8.50012pt too wide) in paragraph at lines 177--178
 \OT1/fvs/b/n/8 26
 []


Overfull \hbox (26.68094pt too wide) in paragraph at lines 177--178
 \OT1/fvs/b/n/8 novem-
 []


Overfull \hbox (11.81267pt too wide) in paragraph at lines 177--178
 \OT1/fvs/b/n/8 bre
 []


Overfull \hbox (19.36139pt too wide) in paragraph at lines 177--178
 \OT1/fvs/b/n/8 2024,
 []


Overfull \hbox (12.2849pt too wide) in paragraph at lines 177--178
 \OT1/fvs/b/n/8 par
 []

! Undefined control sequence.
l.179 		\Large
              {\color{Prune}\textbf{\textsc{\PhDname}}} %% Nom du docteur
The control sequence at the end of the top line
of your error message was never \def'ed. If you have
misspelled it (e.g., `\hobx'), type `I' and the correct
spelling (e.g., `I\hbox'). Otherwise just continue,
and I'll forget about whatever was undefined.

! Undefined control sequence.
l.179 		\Large{\color
                     {Prune}\textbf{\textsc{\PhDname}}} %% Nom du docteur
The control sequence at the end of the top line
of your error message was never \def'ed. If you have
misspelled it (e.g., `\hobx'), type `I' and the correct
spelling (e.g., `I\hbox'). Otherwise just continue,
and I'll forget about whatever was undefined.


LaTeX Font Warning: Font shape `OT1/fvs/b/sc' undefined
(Font)              using `OT1/fvs/b/n' instead on input line 179.

! Undefined control sequence.
<recently read> \PhDname 
                         
l.179 ...e{\color{Prune}\textbf{\textsc{\PhDname}}
                                                  } %% Nom du docteur
The control sequence at the end of the top line
of your error message was never \def'ed. If you have
misspelled it (e.g., `\hobx'), type `I' and the correct
spelling (e.g., `I\hbox'). Otherwise just continue,
and I'll forget about whatever was undefined.


Overfull \hbox (22.3156pt too wide) in paragraph at lines 179--180
 []\OT1/fvs/b/n/8 Prune
 []

! Undefined control sequence.
l.183 	\color
             {black}
The control sequence at the end of the top line
of your error message was never \def'ed. If you have
misspelled it (e.g., `\hobx'), type `I' and the correct
spelling (e.g., `I\hbox'). Otherwise just continue,
and I'll forget about whatever was undefined.

Missing character: There is no b in font nullfont!
Missing character: There is no l in font nullfont!
Missing character: There is no a in font nullfont!
Missing character: There is no c in font nullfont!
Missing character: There is no k in font nullfont!

Overfull \hbox (20.0pt too wide) in paragraph at lines 183--185
[] 
 []

! Undefined control sequence.
l.186 		\large
              {\textbf{Composition du Jury}}
The control sequence at the end of the top line
of your error message was never \def'ed. If you have
misspelled it (e.g., `\hobx'), type `I' and the correct
spelling (e.g., `I\hbox'). Otherwise just continue,
and I'll forget about whatever was undefined.


Overfull \hbox (63.63298pt too wide) in paragraph at lines 186--187
\OT1/cmr/bx/n/10 Composition 
 []


Overfull \hbox (12.77771pt too wide) in paragraph at lines 186--187
\OT1/cmr/bx/n/10 du 
 []


Overfull \hbox (23.29851pt too wide) in paragraph at lines 186--187
\OT1/cmr/bx/n/10 Jury  
 []

! Undefined control sequence.
l.190 	\small
             
The control sequence at the end of the top line
of your error message was never \def'ed. If you have
misspelled it (e.g., `\hobx'), type `I' and the correct
spelling (e.g., `I\hbox'). Otherwise just continue,
and I'll forget about whatever was undefined.

! Undefined control sequence.
l.192 	\newcolumntype
                     {L}[1]{>{\raggedright\let\newline\\\arraybackslash\hspa...
The control sequence at the end of the top line
of your error message was never \def'ed. If you have
misspelled it (e.g., `\hobx'), type `I' and the correct
spelling (e.g., `I\hbox'). Otherwise just continue,
and I'll forget about whatever was undefined.

Missing character: There is no L in font nullfont!
Missing character: There is no [ in font nullfont!
Missing character: There is no 1 in font nullfont!
Missing character: There is no ] in font nullfont!
Missing character: There is no > in font nullfont!
! Undefined control sequence.
l.192 ...\raggedright\let\newline\\\arraybackslash
                                                  \hspace{0pt}}m{#1}}
The control sequence at the end of the top line
of your error message was never \def'ed. If you have
misspelled it (e.g., `\hobx'), type `I' and the correct
spelling (e.g., `I\hbox'). Otherwise just continue,
and I'll forget about whatever was undefined.

Missing character: There is no m in font nullfont!
! You can't use `macro parameter character #' in horizontal mode.
l.192 ...\newline\\\arraybackslash\hspace{0pt}}m{#
                                                  1}}
Sorry, but I'm not programmed to handle this case;
I'll just pretend that you didn't ask for it.
If you're in the wrong mode, you might be able to
return to the right one by typing `I}' or `I$' or `I\par'.

Missing character: There is no 1 in font nullfont!
! Undefined control sequence.
l.193 	\newcolumntype
                     {R}[1]{>{\raggedleft\let\newline\\\arraybackslash\hspac...
The control sequence at the end of the top line
of your error message was never \def'ed. If you have
misspelled it (e.g., `\hobx'), type `I' and the correct
spelling (e.g., `I\hbox'). Otherwise just continue,
and I'll forget about whatever was undefined.

Missing character: There is no R in font nullfont!
Missing character: There is no [ in font nullfont!
Missing character: There is no 1 in font nullfont!
Missing character: There is no ] in font nullfont!
Missing character: There is no > in font nullfont!
! Undefined control sequence.
l.193 ...{\raggedleft\let\newline\\\arraybackslash
                                                  \hspace{0pt}}lm{#1}}
The control sequence at the end of the top line
of your error message was never \def'ed. If you have
misspelled it (e.g., `\hobx'), type `I' and the correct
spelling (e.g., `I\hbox'). Otherwise just continue,
and I'll forget about whatever was undefined.

Missing character: There is no l in font nullfont!
Missing character: There is no m in font nullfont!
! You can't use `macro parameter character #' in horizontal mode.
l.193 ...newline\\\arraybackslash\hspace{0pt}}lm{#
                                                  1}}
Sorry, but I'm not programmed to handle this case;
I'll just pretend that you didn't ask for it.
If you're in the wrong mode, you might be able to
return to the right one by typing `I}' or `I$' or `I\par'.

Missing character: There is no 1 in font nullfont!

Overfull \hbox (20.0pt too wide) in paragraph at lines 192--194
[]
 []


Overfull \hbox (20.0pt too wide) in paragraph at lines 196--196
[] 
 []

LaTeX Font Info:    External font `cmex10' loaded for size
(Font)              <7> on input line 197.
! Undefined control sequence.
l.198 	    \arrayrulecolor
                          {Prune}
The control sequence at the end of the top line
of your error message was never \def'ed. If you have
misspelled it (e.g., `\hobx'), type `I' and the correct
spelling (e.g., `I\hbox'). Otherwise just continue,
and I'll forget about whatever was undefined.

Missing character: There is no P in font nullfont!
Missing character: There is no r in font nullfont!
Missing character: There is no u in font nullfont!
Missing character: There is no n in font nullfont!
Missing character: There is no e in font nullfont!
Missing character: There is no N in font nullfont!
Missing character: There is no a in font nullfont!
Missing character: There is no m in font nullfont!
Missing character: There is no e in font nullfont!
Missing character: There is no L in font nullfont!
Missing character: There is no A in font nullfont!
Missing character: There is no S in font nullfont!
Missing character: There is no T in font nullfont!
Missing character: There is no N in font nullfont!
Missing character: There is no A in font nullfont!
Missing character: There is no M in font nullfont!
Missing character: There is no E in font nullfont!
Missing character: There is no S in font nullfont!
Missing character: There is no t in font nullfont!
Missing character: There is no a in font nullfont!
Missing character: There is no t in font nullfont!
Missing character: There is no u in font nullfont!
Missing character: There is no t in font nullfont!
Missing character: There is no , in font nullfont!
LaTeX Font Info:    Trying to load font information for +cmr on input line 199.

LaTeX Font Info:    No file cmr.fd. on input line 199.

LaTeX Font Warning: Font shape `/cmr/m/n' undefined
(Font)              using `/cmr/m/n' instead on input line 199.

! Corrupted NFSS tables.
wrong@fontshape ...message {Corrupted NFSS tables}
                                                  error@fontshape else let f...
l.199 		\jurynameA  \\ \juryadressA
                                    & \juryroleA \\[5pt]
This error message was generated by an \errmessage
command, so I can't give any explicit help.
Pretend that you're Hercule Poirot: Examine all clues,
and deduce the truth by order and method.


LaTeX Font Warning: Font shape `/cmr/m/n' undefined
(Font)              using `OT1/cmr/m/n' instead on input line 199.

Missing character: There is no t in font nullfont!
Missing character: There is no a in font nullfont!
Missing character: There is no b in font nullfont!
Missing character: There is no l in font nullfont!
Missing character: There is no i in font nullfont!
Missing character: There is no s in font nullfont!
Missing character: There is no s in font nullfont!
Missing character: There is no e in font nullfont!
Missing character: There is no m in font nullfont!
Missing character: There is no e in font nullfont!
Missing character: There is no n in font nullfont!
Missing character: There is no t in font nullfont!
Missing character: There is no ( in font nullfont!
Missing character: There is no U in font nullfont!
Missing character: There is no n in font nullfont!
Missing character: There is no i in font nullfont!
Missing character: There is no t in font nullfont!
Missing character: There is no d in font nullfont!
Missing character: There is no e in font nullfont!
Missing character: There is no r in font nullfont!
Missing character: There is no e in font nullfont!
Missing character: There is no c in font nullfont!
Missing character: There is no h in font nullfont!
Missing character: There is no e in font nullfont!
Missing character: There is no r in font nullfont!
Missing character: There is no c in font nullfont!
Missing character: There is no h in font nullfont!
Missing character: There is no e in font nullfont!
Missing character: There is no ) in font nullfont!
Missing character: There is no P in font nullfont!
Missing character: There is no r in font nullfont!
Missing character: There is no s in font nullfont!
Missing character: There is no i in font nullfont!
Missing character: There is no d in font nullfont!
Missing character: There is no e in font nullfont!
Missing character: There is no n in font nullfont!
Missing character: There is no t in font nullfont!
Missing character: There is no N in font nullfont!
Missing character: There is no a in font nullfont!
Missing character: There is no m in font nullfont!
Missing character: There is no e in font nullfont!
Missing character: There is no L in font nullfont!
Missing character: There is no A in font nullfont!
Missing character: There is no S in font nullfont!
Missing character: There is no T in font nullfont!
Missing character: There is no N in font nullfont!
Missing character: There is no A in font nullfont!
Missing character: There is no M in font nullfont!
Missing character: There is no E in font nullfont!
Missing character: There is no G in font nullfont!
Missing character: There is no r in font nullfont!
Missing character: There is no a in font nullfont!
Missing character: There is no d in font nullfont!
Missing character: There is no e in font nullfont!
Missing character: There is no , in font nullfont!
Missing character: There is no U in font nullfont!
Missing character: There is no n in font nullfont!
Missing character: There is no i in font nullfont!
Missing character: There is no v in font nullfont!
Missing character: There is no e in font nullfont!
Missing character: There is no r in font nullfont!
Missing character: There is no s in font nullfont!
Missing character: There is no i in font nullfont!
Missing character: There is no t in font nullfont!
Missing character: There is no y in font nullfont!
Missing character: There is no / in font nullfont!
Missing character: There is no L in font nullfont!
Missing character: There is no a in font nullfont!
Missing character: There is no b in font nullfont!
Missing character: There is no ( in font nullfont!
Missing character: There is no r in font nullfont!
Missing character: There is no e in font nullfont!
Missing character: There is no s in font nullfont!
Missing character: There is no e in font nullfont!
Missing character: There is no a in font nullfont!
Missing character: There is no r in font nullfont!
Missing character: There is no c in font nullfont!
Missing character: There is no h in font nullfont!
Missing character: There is no u in font nullfont!
Missing character: There is no n in font nullfont!
Missing character: There is no i in font nullfont!
Missing character: There is no t in font nullfont!
Missing character: There is no ) in font nullfont!
Missing character: There is no R in font nullfont!
Missing character: There is no a in font nullfont!
Missing character: There is no p in font nullfont!
Missing character: There is no p in font nullfont!
Missing character: There is no o in font nullfont!
Missing character: There is no r in font nullfont!
Missing character: There is no t in font nullfont!
Missing character: There is no e in font nullfont!
Missing character: There is no u in font nullfont!
Missing character: There is no r in font nullfont!
Missing character: There is no N in font nullfont!
Missing character: There is no a in font nullfont!
Missing character: There is no m in font nullfont!
Missing character: There is no e in font nullfont!
Missing character: There is no L in font nullfont!
Missing character: There is no A in font nullfont!
Missing character: There is no S in font nullfont!
Missing character: There is no T in font nullfont!
Missing character: There is no N in font nullfont!
Missing character: There is no A in font nullfont!
Missing character: There is no M in font nullfont!
Missing character: There is no E in font nullfont!
Missing character: There is no G in font nullfont!
Missing character: There is no r in font nullfont!
Missing character: There is no a in font nullfont!
Missing character: There is no d in font nullfont!
Missing character: There is no e in font nullfont!
Missing character: There is no , in font nullfont!
Missing character: There is no U in font nullfont!
Missing character: There is no n in font nullfont!
Missing character: There is no i in font nullfont!
Missing character: There is no v in font nullfont!
Missing character: There is no e in font nullfont!
Missing character: There is no r in font nullfont!
Missing character: There is no s in font nullfont!
Missing character: There is no i in font nullfont!
Missing character: There is no t in font nullfont!
Missing character: There is no y in font nullfont!
Missing character: There is no / in font nullfont!
Missing character: There is no L in font nullfont!
Missing character: There is no a in font nullfont!
Missing character: There is no b in font nullfont!
Missing character: There is no ( in font nullfont!
Missing character: There is no r in font nullfont!
Missing character: There is no e in font nullfont!
Missing character: There is no s in font nullfont!
Missing character: There is no e in font nullfont!
Missing character: There is no a in font nullfont!
Missing character: There is no r in font nullfont!
Missing character: There is no c in font nullfont!
Missing character: There is no h in font nullfont!
Missing character: There is no u in font nullfont!
Missing character: There is no n in font nullfont!
Missing character: There is no i in font nullfont!
Missing character: There is no t in font nullfont!
Missing character: There is no ) in font nullfont!
Missing character: There is no R in font nullfont!
Missing character: There is no a in font nullfont!
Missing character: There is no p in font nullfont!
Missing character: There is no p in font nullfont!
Missing character: There is no o in font nullfont!
Missing character: There is no r in font nullfont!
Missing character: There is no t in font nullfont!
Missing character: There is no e in font nullfont!
Missing character: There is no u in font nullfont!
Missing character: There is no r in font nullfont!
Missing character: There is no N in font nullfont!
Missing character: There is no a in font nullfont!
Missing character: There is no m in font nullfont!
Missing character: There is no e in font nullfont!
Missing character: There is no L in font nullfont!
Missing character: There is no A in font nullfont!
Missing character: There is no S in font nullfont!
Missing character: There is no T in font nullfont!
Missing character: There is no N in font nullfont!
Missing character: There is no A in font nullfont!
Missing character: There is no M in font nullfont!
Missing character: There is no E in font nullfont!
Missing character: There is no G in font nullfont!
Missing character: There is no r in font nullfont!
Missing character: There is no a in font nullfont!
Missing character: There is no d in font nullfont!
Missing character: There is no e in font nullfont!
Missing character: There is no , in font nullfont!
Missing character: There is no U in font nullfont!
Missing character: There is no n in font nullfont!
Missing character: There is no i in font nullfont!
Missing character: There is no v in font nullfont!
Missing character: There is no e in font nullfont!
Missing character: There is no r in font nullfont!
Missing character: There is no s in font nullfont!
Missing character: There is no i in font nullfont!
Missing character: There is no t in font nullfont!
Missing character: There is no y in font nullfont!
Missing character: There is no / in font nullfont!
Missing character: There is no L in font nullfont!
Missing character: There is no a in font nullfont!
Missing character: There is no b in font nullfont!
Missing character: There is no ( in font nullfont!
Missing character: There is no r in font nullfont!
Missing character: There is no e in font nullfont!
Missing character: There is no s in font nullfont!
Missing character: There is no e in font nullfont!
Missing character: There is no a in font nullfont!
Missing character: There is no r in font nullfont!
Missing character: There is no c in font nullfont!
Missing character: There is no h in font nullfont!
Missing character: There is no u in font nullfont!
Missing character: There is no n in font nullfont!
Missing character: There is no i in font nullfont!
Missing character: There is no t in font nullfont!
Missing character: There is no ) in font nullfont!
Missing character: There is no E in font nullfont!
Missing character: There is no x in font nullfont!
Missing character: There is no a in font nullfont!
Missing character: There is no m in font nullfont!
Missing character: There is no i in font nullfont!
Missing character: There is no n in font nullfont!
Missing character: There is no a in font nullfont!
Missing character: There is no t in font nullfont!
Missing character: There is no r in font nullfont!
Missing character: There is no i in font nullfont!
Missing character: There is no c in font nullfont!
Missing character: There is no e in font nullfont!
Missing character: There is no N in font nullfont!
Missing character: There is no a in font nullfont!
Missing character: There is no m in font nullfont!
Missing character: There is no e in font nullfont!
Missing character: There is no L in font nullfont!
Missing character: There is no A in font nullfont!
Missing character: There is no S in font nullfont!
Missing character: There is no T in font nullfont!
Missing character: There is no N in font nullfont!
Missing character: There is no A in font nullfont!
Missing character: There is no M in font nullfont!
Missing character: There is no E in font nullfont!
Missing character: There is no G in font nullfont!
Missing character: There is no r in font nullfont!
Missing character: There is no a in font nullfont!
Missing character: There is no d in font nullfont!
Missing character: There is no e in font nullfont!
Missing character: There is no , in font nullfont!
Missing character: There is no U in font nullfont!
Missing character: There is no n in font nullfont!
Missing character: There is no i in font nullfont!
Missing character: There is no v in font nullfont!
Missing character: There is no e in font nullfont!
Missing character: There is no r in font nullfont!
Missing character: There is no s in font nullfont!
Missing character: There is no i in font nullfont!
Missing character: There is no t in font nullfont!
Missing character: There is no y in font nullfont!
Missing character: There is no / in font nullfont!
Missing character: There is no L in font nullfont!
Missing character: There is no a in font nullfont!
Missing character: There is no b in font nullfont!
Missing character: There is no ( in font nullfont!
Missing character: There is no r in font nullfont!
Missing character: There is no e in font nullfont!
Missing character: There is no s in font nullfont!
Missing character: There is no e in font nullfont!
Missing character: There is no a in font nullfont!
Missing character: There is no r in font nullfont!
Missing character: There is no c in font nullfont!
Missing character: There is no h in font nullfont!
Missing character: There is no u in font nullfont!
Missing character: There is no n in font nullfont!
Missing character: There is no i in font nullfont!
Missing character: There is no t in font nullfont!
Missing character: There is no ) in font nullfont!
Missing character: There is no E in font nullfont!
Missing character: There is no x in font nullfont!
Missing character: There is no a in font nullfont!
Missing character: There is no m in font nullfont!
Missing character: There is no i in font nullfont!
Missing character: There is no n in font nullfont!
Missing character: There is no a in font nullfont!
Missing character: There is no t in font nullfont!
Missing character: There is no r in font nullfont!
Missing character: There is no i in font nullfont!
Missing character: There is no c in font nullfont!
Missing character: There is no e in font nullfont!

Overfull \hbox (203.61374pt too wide) in paragraph at lines 197--205
[]  
 []


Overfull \hbox (20.0pt too wide) in paragraph at lines 208--208
[] 
 []

! Undefined control sequence.
l.209 		\large
              {\textbf{Direction de la thèse}}
The control sequence at the end of the top line
of your error message was never \def'ed. If you have
misspelled it (e.g., `\hobx'), type `I' and the correct
spelling (e.g., `I\hbox'). Otherwise just continue,
and I'll forget about whatever was undefined.


Overfull \hbox (46.93727pt too wide) in paragraph at lines 209--210
\OT1/cmr/bx/n/10 Direction 
 []


Overfull \hbox (11.65967pt too wide) in paragraph at lines 209--210
\OT1/cmr/bx/n/10 de 
 []


Overfull \hbox (8.78465pt too wide) in paragraph at lines 209--210
\OT1/cmr/bx/n/10 la 
 []


Overfull \hbox (25.93875pt too wide) in paragraph at lines 209--210
\OT1/cmr/bx/n/10 th^^Rese  
 []

! Undefined control sequence.
l.213 	\small
             
The control sequence at the end of the top line
of your error message was never \def'ed. If you have
misspelled it (e.g., `\hobx'), type `I' and the correct
spelling (e.g., `I\hbox'). Otherwise just continue,
and I'll forget about whatever was undefined.

! Undefined control sequence.
l.215 	\newcolumntype
                     {L}[1]{>{\raggedright\let\newline\\\arraybackslash\hspa...
The control sequence at the end of the top line
of your error message was never \def'ed. If you have
misspelled it (e.g., `\hobx'), type `I' and the correct
spelling (e.g., `I\hbox'). Otherwise just continue,
and I'll forget about whatever was undefined.

Missing character: There is no L in font nullfont!
Missing character: There is no [ in font nullfont!
Missing character: There is no 1 in font nullfont!
Missing character: There is no ] in font nullfont!
Missing character: There is no > in font nullfont!
! Undefined control sequence.
l.215 ...\raggedright\let\newline\\\arraybackslash
                                                  \hspace{0pt}}m{#1}}
The control sequence at the end of the top line
of your error message was never \def'ed. If you have
misspelled it (e.g., `\hobx'), type `I' and the correct
spelling (e.g., `I\hbox'). Otherwise just continue,
and I'll forget about whatever was undefined.

Missing character: There is no m in font nullfont!
! You can't use `macro parameter character #' in horizontal mode.
l.215 ...\newline\\\arraybackslash\hspace{0pt}}m{#
                                                  1}}
Sorry, but I'm not programmed to handle this case;
I'll just pretend that you didn't ask for it.
If you're in the wrong mode, you might be able to
return to the right one by typing `I}' or `I$' or `I\par'.

Missing character: There is no 1 in font nullfont!
! Undefined control sequence.
l.216 	\newcolumntype
                     {R}[1]{>{\raggedleft\let\newline\\\arraybackslash\hspac...
The control sequence at the end of the top line
of your error message was never \def'ed. If you have
misspelled it (e.g., `\hobx'), type `I' and the correct
spelling (e.g., `I\hbox'). Otherwise just continue,
and I'll forget about whatever was undefined.

Missing character: There is no R in font nullfont!
Missing character: There is no [ in font nullfont!
Missing character: There is no 1 in font nullfont!
Missing character: There is no ] in font nullfont!
Missing character: There is no > in font nullfont!
! Undefined control sequence.
l.216 ...{\raggedleft\let\newline\\\arraybackslash
                                                  \hspace{0pt}}lm{#1}}
The control sequence at the end of the top line
of your error message was never \def'ed. If you have
misspelled it (e.g., `\hobx'), type `I' and the correct
spelling (e.g., `I\hbox'). Otherwise just continue,
and I'll forget about whatever was undefined.

Missing character: There is no l in font nullfont!
Missing character: There is no m in font nullfont!
! You can't use `macro parameter character #' in horizontal mode.
l.216 ...newline\\\arraybackslash\hspace{0pt}}lm{#
                                                  1}}
Sorry, but I'm not programmed to handle this case;
I'll just pretend that you didn't ask for it.
If you're in the wrong mode, you might be able to
return to the right one by typing `I}' or `I$' or `I\par'.

Missing character: There is no 1 in font nullfont!

Overfull \hbox (20.0pt too wide) in paragraph at lines 215--217
[]
 []


Overfull \hbox (20.0pt too wide) in paragraph at lines 219--219
[] 
 []

! Undefined control sequence.
l.221 	    \arrayrulecolor
                          {Prune}
The control sequence at the end of the top line
of your error message was never \def'ed. If you have
misspelled it (e.g., `\hobx'), type `I' and the correct
spelling (e.g., `I\hbox'). Otherwise just continue,
and I'll forget about whatever was undefined.

Missing character: There is no P in font nullfont!
Missing character: There is no r in font nullfont!
Missing character: There is no u in font nullfont!
Missing character: There is no n in font nullfont!
Missing character: There is no e in font nullfont!
Missing character: There is no L in font nullfont!
Missing character: There is no a in font nullfont!
Missing character: There is no u in font nullfont!
Missing character: There is no r in font nullfont!
Missing character: There is no i in font nullfont!
Missing character: There is no a in font nullfont!
Missing character: There is no n in font nullfont!
Missing character: There is no e in font nullfont!
Missing character: There is no M in font nullfont!
Missing character: There is no O in font nullfont!
Missing character: There is no U in font nullfont!
Missing character: There is no Y in font nullfont!
Missing character: There is no S in font nullfont!
Missing character: There is no S in font nullfont!
Missing character: There is no E in font nullfont!
Missing character: There is no T in font nullfont!
Missing character: There is no C in font nullfont!
Missing character: There is no h in font nullfont!
Missing character: There is no a in font nullfont!
Missing character: There is no r in font nullfont!
Missing character: There is no g in font nullfont!
Missing character: There is no e in font nullfont!
Missing character: There is no d in font nullfont!
Missing character: There is no e in font nullfont!
Missing character: There is no R in font nullfont!
Missing character: There is no e in font nullfont!
Missing character: There is no c in font nullfont!
Missing character: There is no h in font nullfont!
Missing character: There is no e in font nullfont!
Missing character: There is no r in font nullfont!
Missing character: There is no c in font nullfont!
Missing character: There is no h in font nullfont!
Missing character: There is no e in font nullfont!
Missing character: There is no C in font nullfont!
Missing character: There is no N in font nullfont!
Missing character: There is no R in font nullfont!
Missing character: There is no S in font nullfont!
Missing character: There is no ( in font nullfont!
Missing character: There is no C in font nullfont!
Missing character: There is no I in font nullfont!
Missing character: There is no R in font nullfont!
Missing character: There is no E in font nullfont!
Missing character: There is no D in font nullfont!
Missing character: There is no ) in font nullfont!
Missing character: There is no D in font nullfont!
Missing character: There is no i in font nullfont!
Missing character: There is no r in font nullfont!
Missing character: There is no e in font nullfont!
Missing character: There is no c in font nullfont!
Missing character: There is no t in font nullfont!
Missing character: There is no e in font nullfont!
Missing character: There is no u in font nullfont!
Missing character: There is no r in font nullfont!
Missing character: There is no d in font nullfont!
Missing character: There is no e in font nullfont!
Missing character: There is no t in font nullfont!
Missing character: There is no h in font nullfont!
Missing character: There is no s in font nullfont!
Missing character: There is no e in font nullfont!
Missing character: There is no C in font nullfont!
Missing character: There is no h in font nullfont!
Missing character: There is no r in font nullfont!
Missing character: There is no i in font nullfont!
Missing character: There is no s in font nullfont!
Missing character: There is no t in font nullfont!
Missing character: There is no o in font nullfont!
Missing character: There is no p in font nullfont!
Missing character: There is no h in font nullfont!
Missing character: There is no e in font nullfont!
Missing character: There is no r in font nullfont!
Missing character: There is no C in font nullfont!
Missing character: There is no O in font nullfont!
Missing character: There is no S in font nullfont!
Missing character: There is no T in font nullfont!
Missing character: There is no E in font nullfont!
Missing character: There is no L in font nullfont!
Missing character: There is no L in font nullfont!
Missing character: There is no O in font nullfont!
Missing character: There is no P in font nullfont!
Missing character: There is no r in font nullfont!
Missing character: There is no o in font nullfont!
Missing character: There is no f in font nullfont!
Missing character: There is no e in font nullfont!
Missing character: There is no s in font nullfont!
Missing character: There is no s in font nullfont!
Missing character: There is no o in font nullfont!
Missing character: There is no r in font nullfont!
Missing character: There is no o in font nullfont!
Missing character: There is no f in font nullfont!
Missing character: There is no R in font nullfont!
Missing character: There is no e in font nullfont!
Missing character: There is no s in font nullfont!
Missing character: There is no o in font nullfont!
Missing character: There is no u in font nullfont!
Missing character: There is no r in font nullfont!
Missing character: There is no c in font nullfont!
Missing character: There is no e in font nullfont!
Missing character: There is no E in font nullfont!
Missing character: There is no c in font nullfont!
Missing character: There is no o in font nullfont!
Missing character: There is no n in font nullfont!
Missing character: There is no o in font nullfont!
Missing character: There is no m in font nullfont!
Missing character: There is no i in font nullfont!
Missing character: There is no c in font nullfont!
Missing character: There is no s in font nullfont!
Missing character: There is no , in font nullfont!
Missing character: There is no U in font nullfont!
Missing character: There is no n in font nullfont!
Missing character: There is no i in font nullfont!
Missing character: There is no v in font nullfont!
Missing character: There is no e in font nullfont!
Missing character: There is no r in font nullfont!
Missing character: There is no s in font nullfont!
Missing character: There is no i in font nullfont!
Missing character: There is no t in font nullfont!
Missing character: There is no y in font nullfont!
Missing character: There is no o in font nullfont!
Missing character: There is no f in font nullfont!
Missing character: There is no C in font nullfont!
Missing character: There is no a in font nullfont!
Missing character: There is no l in font nullfont!
Missing character: There is no i in font nullfont!
Missing character: There is no f in font nullfont!
Missing character: There is no o in font nullfont!
Missing character: There is no r in font nullfont!
Missing character: There is no n in font nullfont!
Missing character: There is no i in font nullfont!
Missing character: There is no a in font nullfont!
Missing character: There is no , in font nullfont!
Missing character: There is no S in font nullfont!
Missing character: There is no a in font nullfont!
Missing character: There is no n in font nullfont!
Missing character: There is no t in font nullfont!
Missing character: There is no a in font nullfont!
Missing character: There is no B in font nullfont!
Missing character: There is no a in font nullfont!
Missing character: There is no r in font nullfont!
Missing character: There is no b in font nullfont!
Missing character: There is no a in font nullfont!
Missing character: There is no r in font nullfont!
Missing character: There is no a in font nullfont!
Missing character: There is no ( in font nullfont!
Missing character: There is no e in font nullfont!
Missing character: There is no m in font nullfont!
Missing character: There is no L in font nullfont!
Missing character: There is no a in font nullfont!
Missing character: There is no b in font nullfont!
Missing character: There is no ) in font nullfont!
Missing character: There is no C in font nullfont!
Missing character: There is no o in font nullfont!
Missing character: There is no - in font nullfont!
Missing character: There is no e in font nullfont!
Missing character: There is no n in font nullfont!
Missing character: There is no c in font nullfont!
Missing character: There is no a in font nullfont!
Missing character: There is no d in font nullfont!
Missing character: There is no r in font nullfont!
Missing character: There is no a in font nullfont!
Missing character: There is no n in font nullfont!
Missing character: There is no t in font nullfont!
Missing character: There is no d in font nullfont!
Missing character: There is no e in font nullfont!
Missing character: There is no t in font nullfont!
Missing character: There is no h in font nullfont!
Missing character: There is no s in font nullfont!
Missing character: There is no e in font nullfont!

Overfull \hbox (203.61374pt too wide) in paragraph at lines 220--227
[]  
 []


! LaTeX Error: \begin{document} ended by \end{textblock}.

See the LaTeX manual or LaTeX Companion for explanation.
Type  H <return>  for immediate help.
 ...                                              
                                                  
l.229 \end{textblock}
                     
Your command was ignored.
Type  I <command> <return>  to replace it with another command,
or  <return>  to continue without it.


! LaTeX Error: \begin{document} ended by \end{singlespace}.

See the LaTeX manual or LaTeX Companion for explanation.
Type  H <return>  for immediate help.
 ...                                              
                                                  
l.230 \end{singlespace}
                       
Your command was ignored.
Type  I <command> <return>  to replace it with another command,
or  <return>  to continue without it.

! Undefined control sequence.
l.231 \afterpage
                {\blankpage}
The control sequence at the end of the top line
of your error message was never \def'ed. If you have
misspelled it (e.g., `\hobx'), type `I' and the correct
spelling (e.g., `I\hbox'). Otherwise just continue,
and I'll forget about whatever was undefined.

! Undefined control sequence.
l.231 \afterpage{\blankpage
                           }
The control sequence at the end of the top line
of your error message was never \def'ed. If you have
misspelled it (e.g., `\hobx'), type `I' and the correct
spelling (e.g., `I\hbox'). Otherwise just continue,
and I'll forget about whatever was undefined.

)
! Emergency stop.
<*> firstpage.tex
                 
*** (job aborted, no legal \end found)

 
Here is how much of TeX's memory you used:
 128 strings out of 474170
 1757 string characters out of 5749575
 1930473 words of memory out of 5000000
 22523 multiletter control sequences out of 15000+600000
 560864 words of font info for 45 fonts, out of 8000000 for 9000
 1141 hyphenation exceptions out of 8191
 25i,9n,32p,651b,266s stack positions out of 10000i,1000n,20000p,200000b,200000s
!  ==> Fatal error occurred, no output PDF file produced!
