\BOOKMARK [0][-]{chapter.1}{\376\377\000B\000i\000o\000e\000c\000o\000n\000o\000m\000i\000c\000\040\000m\000o\000d\000e\000l\000s\000\040\000f\000o\000r\000\040\000t\000e\000r\000r\000e\000s\000t\000r\000i\000a\000l\000\040\000s\000o\000c\000i\000a\000l\000\040\000e\000c\000o\000l\000o\000g\000i\000c\000a\000l\000\040\000s\000y\000s\000t\000e\000m\000\040\000m\000a\000n\000a\000g\000e\000m\000e\000n\000t\000\040\000:\000\040\000a\000\040\000r\000e\000v\000i\000e\000w}{}% 1
\BOOKMARK [0][-]{chapter.2}{\376\377\000L\000i\000t\000t\000l\000e\000\040\000d\000o\000w\000n\000s\000i\000d\000e\000\040\000a\000n\000d\000\040\000s\000u\000b\000s\000t\000a\000n\000t\000i\000a\000l\000\040\000g\000a\000i\000n\000s\000\040\000r\000e\000s\000u\000l\000t\000\040\000f\000r\000o\000m\000\040\000f\000a\000r\000m\000i\000n\000g\000\040\000o\000f\000\040\000T\000o\000t\000o\000a\000b\000a\000\040\000M\000a\000c\000d\000o\000n\000a\000l\000d\000i}{}% 2
\BOOKMARK [1][-]{section.2.1}{\376\377\000I\000n\000t\000r\000o\000d\000u\000c\000t\000i\000o\000n}{chapter.2}% 3
\BOOKMARK [1][-]{section.2.2}{\376\377\000M\000e\000t\000h\000o\000d\000s}{chapter.2}% 4
\BOOKMARK [2][-]{subsection.2.2.1}{\376\377\000T\000h\000e\000\040\000P\000o\000a\000c\000h\000i\000n\000g\000\040\000M\000o\000d\000e\000l}{section.2.2}% 5
\BOOKMARK [2][-]{subsection.2.2.2}{\376\377\000T\000h\000e\000\040\000F\000a\000r\000m\000i\000n\000g\000\040\000M\000o\000d\000e\000l}{section.2.2}% 6
\BOOKMARK [2][-]{subsection.2.2.3}{\376\377\000D\000e\000m\000a\000n\000d}{section.2.2}% 7
\BOOKMARK [1][-]{section.2.3}{\376\377\000R\000e\000s\000u\000l\000t\000s}{chapter.2}% 8
\BOOKMARK [2][-]{subsection.2.3.1}{\376\377\000T\000o\000t\000o\000a\000b\000a\000\040\000s\000t\000o\000c\000k\000\040\000u\000n\000d\000e\000r\000\040\000m\000o\000n\000o\000p\000o\000l\000y\000\040\000i\000s\000\040\000s\000e\000n\000s\000i\000t\000i\000v\000e\000\040\000t\000o\000\040\000c\000o\000s\000t\000\040\000s\000t\000r\000u\000c\000t\000u\000r\000e}{section.2.3}% 9
\BOOKMARK [2][-]{subsection.2.3.2}{\376\377\000F\000a\000r\000m\000i\000n\000g\000\040\000p\000r\000o\000d\000u\000c\000e\000s\000\040\000c\000o\000n\000s\000e\000r\000v\000a\000t\000i\000o\000n\000\040\000b\000e\000n\000e\000f\000i\000t\000s}{section.2.3}% 10
\BOOKMARK [2][-]{subsection.2.3.3}{\376\377\000A\000n\000\040\000e\000f\000f\000e\000c\000t\000i\000v\000e\000\040\000p\000o\000l\000i\000c\000y\000\040\000s\000p\000a\000c\000e\000\040\000f\000o\000r\000\040\000f\000a\000r\000m\000i\000n\000g\000.}{section.2.3}% 11
\BOOKMARK [1][-]{section.2.4}{\376\377\000C\000o\000n\000c\000l\000u\000s\000i\000o\000n}{chapter.2}% 12
\BOOKMARK [1][-]{section.2.5}{\376\377\000C\000o\000n\000t\000r\000i\000b\000u\000t\000i\000o\000n\000s\000\040\000a\000n\000d\000\040\000d\000a\000t\000a\000\040\000a\000v\000a\000i\000l\000a\000b\000i\000l\000i\000t\000y}{chapter.2}% 13
\BOOKMARK [1][-]{section.a..1}{\376\377\000A\000\040\000t\000h\000e\000o\000r\000e\000t\000i\000c\000a\000l\000\040\000m\000o\000d\000e\000l\000\040\000o\000f\000\040\000p\000o\000a\000c\000h\000e\000r\000s\000,\000\040\000t\000r\000a\000d\000e\000r\000s\000,\000\040\000a\000n\000d\000\040\000f\000a\000r\000m\000e\000r\000s}{chapter.2}% 14
\BOOKMARK [2][-]{subsection.a..1.1}{\376\377\000E\000n\000t\000r\000y\000\040\000i\000n\000\040\000t\000h\000e\000\040\000f\000i\000s\000h\000e\000r\000y\000\040\000a\000n\000d\000\040\000p\000o\000a\000c\000h\000i\000n\000g\000\040\000s\000u\000p\000p\000l\000y}{section.a..1}% 15
\BOOKMARK [2][-]{subsection.a..1.2}{\376\377\000T\000r\000a\000d\000e\000r\000s\000\040\000a\000s\000\040\000v\000e\000r\000t\000i\000c\000a\000l\000\040\000m\000o\000n\000o\000p\000o\000l\000i\000s\000t\000s\000,\000\040\000w\000i\000t\000h\000o\000u\000t\000\040\000f\000a\000r\000m\000i\000n\000g}{section.a..1}% 16
\BOOKMARK [2][-]{subsection.a..1.3}{\376\377\000C\000a\000p\000t\000i\000v\000e\000\040\000b\000r\000e\000e\000d\000i\000n\000g\000,\000\040\000i\000m\000p\000e\000r\000f\000e\000c\000t\000\040\000c\000o\000m\000p\000e\000t\000i\000t\000i\000o\000n\000\040\000a\000n\000d\000\040\000c\000o\000n\000s\000e\000r\000v\000a\000t\000i\000o\000n}{section.a..1}% 17
\BOOKMARK [2][-]{subsection.a..1.4}{\376\377\000E\000x\000t\000e\000n\000s\000i\000o\000n\000s}{section.a..1}% 18
\BOOKMARK [2][-]{subsection.a..1.5}{\376\377\000A\000p\000p\000e\000n\000d\000i\000c\000e\000s}{section.a..1}% 19
\BOOKMARK [0][-]{appendix.3}{\376\377\000T\000h\000e\000\040\000w\000i\000l\000d\000l\000a\000n\000d\000\040\000c\000o\000n\000n\000e\000c\000t\000i\000v\000i\000t\000y\000\040\000d\000i\000l\000e\000m\000m\000a\000\040\000:\000\040\000a\000\040\000g\000r\000a\000p\000h\000\040\000t\000h\000e\000o\000r\000e\000t\000i\000c\000a\000l\000\040\000c\000o\000m\000p\000u\000t\000a\000t\000i\000o\000n\000a\000l\000\040\000a\000p\000p\000r\000o\000a\000c\000h}{}% 20
\BOOKMARK [1][-]{section.3.1}{\376\377\000I\000n\000t\000r\000o\000d\000u\000c\000t\000i\000o\000n}{appendix.3}% 21
\BOOKMARK [1][-]{section.3.2}{\376\377\000M\000e\000t\000h\000o\000d\000s}{appendix.3}% 22
\BOOKMARK [2][-]{subsection.3.2.1}{\376\377\000T\000h\000e\000o\000r\000e\000t\000i\000c\000a\000l\000\040\000m\000o\000d\000e\000l}{section.3.2}% 23
\BOOKMARK [2][-]{subsection.3.2.2}{\376\377\000L\000a\000n\000s\000c\000a\000p\000e\000\040\000i\000n\000d\000i\000c\000a\000t\000o\000r\000s}{section.3.2}% 24
\BOOKMARK [2][-]{subsection.3.2.3}{\376\377\000C\000o\000m\000p\000u\000t\000a\000t\000i\000o\000n\000a\000l\000\040\000e\000x\000p\000e\000r\000i\000m\000e\000n\000t\000s}{section.3.2}% 25
\BOOKMARK [1][-]{section.3.3}{\376\377\000R\000e\000s\000u\000l\000t\000s}{appendix.3}% 26
\BOOKMARK [2][-]{subsection.3.3.1}{\376\377\000S\000t\000e\000a\000d\000y\000\040\000s\000t\000a\000t\000e\000s}{section.3.3}% 27
\BOOKMARK [2][-]{subsection.3.3.2}{\376\377\000W\000i\000l\000d\000f\000i\000r\000e\000\040\000r\000i\000s\000k\000\040\000r\000e\000d\000u\000c\000t\000i\000o\000n\000\040\000a\000n\000d\000\040\000h\000a\000b\000i\000t\000a\000t\000\040\000c\000o\000n\000n\000e\000c\000t\000i\000v\000i\000t\000y\000\040\000i\000n\000\040\000s\000t\000e\000a\000d\000y\000\040\000s\000t\000a\000t\000e\000\040\000l\000a\000n\000d\000s\000c\000a\000p\000e\000s}{section.3.3}% 28
\BOOKMARK [2][-]{subsection.3.3.3}{\376\377\000P\000r\000o\000p\000e\000r\000t\000i\000e\000s\000\040\000o\000f\000\040\000s\000t\000e\000a\000d\000y\000\040\000s\000t\000a\000t\000e\000\040\000l\000a\000n\000d\000s\000c\000a\000p\000e\000s\000:\000\040\000s\000u\000r\000f\000a\000c\000e\000,\000\040\000f\000r\000a\000g\000m\000e\000n\000t\000a\000t\000i\000o\000n\000,\000\040\000a\000n\000d\000\040\000d\000i\000v\000e\000r\000s\000i\000t\000y}{section.3.3}% 29
\BOOKMARK [2][-]{subsection.3.3.4}{\376\377\000S\000p\000a\000t\000i\000a\000l\000\040\000a\000l\000l\000o\000c\000a\000t\000i\000o\000n\000\040\000o\000f\000\040\000o\000p\000t\000i\000m\000a\000l\000\040\000m\000a\000n\000a\000g\000e\000m\000e\000n\000t\000\040\000a\000t\000\040\000t\000h\000e\000\040\000s\000t\000e\000a\000d\000y\000-\000s\000t\000a\000t\000e\000\040\000l\000a\000n\000d\000s\000c\000a\000p\000e\000\040\000c\000y\000c\000l\000e}{section.3.3}% 30
\BOOKMARK [1][-]{section.3.4}{\376\377\000D\000i\000s\000c\000u\000s\000s\000i\000o\000n}{appendix.3}% 31
\BOOKMARK [2][-]{subsection.3.4.1}{\376\377\000C\000o\000n\000f\000i\000r\000m\000a\000t\000i\000o\000n\000\040\000a\000n\000d\000\040\000g\000e\000n\000e\000r\000a\000l\000i\000z\000a\000t\000i\000o\000n\000\040\000o\000f\000\040\000e\000x\000i\000s\000t\000i\000n\000g\000\040\000r\000e\000s\000u\000l\000t\000s}{section.3.4}% 32
\BOOKMARK [2][-]{subsection.3.4.2}{\376\377\000C\000a\000v\000e\000a\000t\000s\000\040\000a\000n\000d\000\040\000m\000e\000t\000h\000o\000d\000o\000l\000o\000g\000i\000c\000a\000l\000\040\000p\000e\000r\000s\000p\000e\000c\000t\000i\000v\000e\000s}{section.3.4}% 33
\BOOKMARK [2][-]{subsection.3.4.3}{\376\377\000C\000o\000n\000c\000l\000u\000s\000i\000o\000n\000\040\000a\000n\000d\000\040\000p\000o\000l\000i\000c\000y\000\040\000r\000e\000l\000e\000v\000a\000n\000c\000e}{section.3.4}% 34
\BOOKMARK [1][-]{section.3.5}{\376\377\000D\000e\000c\000l\000a\000r\000a\000t\000i\000o\000n}{appendix.3}% 35
\BOOKMARK [2][-]{subsection.3.5.1}{\376\377\000A\000c\000k\000n\000o\000w\000l\000e\000d\000g\000m\000e\000n\000t\000s}{section.3.5}% 36
\BOOKMARK [2][-]{subsection.3.5.2}{\376\377\000D\000a\000t\000a\000\040\000a\000v\000a\000i\000l\000a\000b\000i\000l\000i\000t\000y}{section.3.5}% 37
\BOOKMARK [2][-]{subsection.3.5.3}{\376\377\000A\000u\000t\000h\000o\000r\000\040\000a\000f\000f\000i\000l\000i\000a\000t\000i\000o\000n}{section.3.5}% 38
\BOOKMARK [2][-]{subsection.3.5.4}{\376\377\000C\000o\000m\000p\000e\000t\000i\000n\000g\000\040\000i\000n\000t\000e\000r\000e\000s\000t\000s}{section.3.5}% 39
\BOOKMARK [2][-]{subsection.3.5.5}{\376\377\000C\000o\000n\000t\000r\000i\000b\000u\000t\000i\000o\000n}{section.3.5}% 40
\BOOKMARK [1][-]{section.b..1}{\376\377\000A\000p\000p\000e\000n\000d\000i\000x}{appendix.3}% 41
\BOOKMARK [2][-]{subsection.b..1.1}{\376\377\000T\000h\000e\000o\000r\000e\000t\000i\000c\000a\000l\000\040\000m\000o\000d\000e\000l}{section.b..1}% 42
\BOOKMARK [2][-]{subsection.b..1.2}{\376\377\000L\000a\000n\000d\000s\000c\000a\000p\000e\000\040\000i\000n\000d\000i\000c\000a\000t\000o\000r\000s}{section.b..1}% 43
\BOOKMARK [1][-]{section.b..2}{\376\377\000F\000i\000g\000u\000r\000e\000s}{appendix.3}% 44
\BOOKMARK [0][-]{appendix.4}{\376\377\000F\000e\000n\000c\000e\000s}{}% 45
